c:\users\gideon\documents\school work\digipen year 2 tri 2\csd2161ass4\game_project\csd1130_asteroids\x64\debug\vc143.pdb
c:\users\gideon\documents\school work\digipen year 2 tri 2\csd2161ass4\game_project\csd1130_asteroids\x64\debug\vc143.idb
c:\users\gideon\documents\school work\digipen year 2 tri 2\csd2161ass4\game_project\csd1130_asteroids\x64\debug\utils.obj
c:\users\gideon\documents\school work\digipen year 2 tri 2\csd2161ass4\game_project\csd1130_asteroids\x64\debug\network.obj
c:\users\gideon\documents\school work\digipen year 2 tri 2\csd2161ass4\game_project\csd1130_asteroids\x64\debug\main.obj
c:\users\gideon\documents\school work\digipen year 2 tri 2\csd2161ass4\game_project\csd1130_asteroids\x64\debug\gamestate_menu.obj
c:\users\gideon\documents\school work\digipen year 2 tri 2\csd2161ass4\game_project\csd1130_asteroids\x64\debug\gamestate_asteroids.obj
c:\users\gideon\documents\school work\digipen year 2 tri 2\csd2161ass4\game_project\csd1130_asteroids\x64\debug\gamestatemgr.obj
c:\users\gideon\documents\school work\digipen year 2 tri 2\csd2161ass4\game_project\csd1130_asteroids\x64\debug\entity.obj
c:\users\gideon\documents\school work\digipen year 2 tri 2\csd2161ass4\game_project\csd1130_asteroids\x64\debug\collision.obj
c:\users\gideon\documents\school work\digipen year 2 tri 2\csd2161ass4\game_project\bin\csd1130_asteroidsd.exe
c:\users\gideon\documents\school work\digipen year 2 tri 2\csd2161ass4\game_project\csd1130_asteroids\x64\debug\csd1130_asteroidsd.ilk
c:\users\gideon\documents\school work\digipen year 2 tri 2\csd2161ass4\game_project\bin\csd1130_asteroidsd.pdb
c:\users\gideon\documents\school work\digipen year 2 tri 2\csd2161ass4\game_project\\bin\csd1130_asteroidsd.pdb
c:\users\gideon\documents\school work\digipen year 2 tri 2\csd2161ass4\game_project\csd1130_asteroids\x64\debug\csd1130_.ec5e8cf5.tlog\cl.command.1.tlog
c:\users\gideon\documents\school work\digipen year 2 tri 2\csd2161ass4\game_project\csd1130_asteroids\x64\debug\csd1130_.ec5e8cf5.tlog\cl.read.1.tlog
c:\users\gideon\documents\school work\digipen year 2 tri 2\csd2161ass4\game_project\csd1130_asteroids\x64\debug\csd1130_.ec5e8cf5.tlog\cl.write.1.tlog
c:\users\gideon\documents\school work\digipen year 2 tri 2\csd2161ass4\game_project\csd1130_asteroids\x64\debug\csd1130_.ec5e8cf5.tlog\link.command.1.tlog
c:\users\gideon\documents\school work\digipen year 2 tri 2\csd2161ass4\game_project\csd1130_asteroids\x64\debug\csd1130_.ec5e8cf5.tlog\link.read.1.tlog
c:\users\gideon\documents\school work\digipen year 2 tri 2\csd2161ass4\game_project\csd1130_asteroids\x64\debug\csd1130_.ec5e8cf5.tlog\link.write.1.tlog
